#
# There is insufficient memory for the Java Runtime Environment to continue.
# Native memory allocation (mmap) failed to map 173539328 bytes for committing reserved memory.
# Possible reasons:
#   The system is out of physical RAM or swap space
#   In 32 bit mode, the process size limit was hit
# Possible solutions:
#   Reduce memory load on the system
#   Increase physical memory or swap space
#   Check if swap backing store is full
#   Use 64 bit Java on a 64 bit OS
#   Decrease Java heap size (-Xmx/-Xms)
#   Decrease number of Java threads
#   Decrease Java thread stack sizes (-Xss)
#   Set larger code cache with -XX:ReservedCodeCacheSize=
# This output file may be truncated or incomplete.
#
#  Out of Memory Error (os_linux.cpp:2627), pid=12156, tid=0x00007f5de1e83700
#
# JRE version: OpenJDK Runtime Environment (8.0_112-b06) (build 1.8.0_112-release-b06)
# Java VM: OpenJDK 64-Bit Server VM (25.112-b06 mixed mode linux-amd64 compressed oops)
# Failed to write core dump. Core dumps have been disabled. To enable core dumping, try "ulimit -c unlimited" before starting Java again
#

---------------  T H R E A D  ---------------

Current thread (0x00007f5df4073800):  VMThread [stack: 0x00007f5de1d83000,0x00007f5de1e84000] [id=12166]

Stack: [0x00007f5de1d83000,0x00007f5de1e84000],  sp=0x00007f5de1e824d0,  free space=1021k
Native frames: (J=compiled Java code, j=interpreted, Vv=VM code, C=native code)
V  [libjvm.so+0x9e465d]  VMError::report_and_die()+0x15d
V  [libjvm.so+0x4b6ada]  report_vm_out_of_memory(char const*, int, unsigned long, VMErrorType, char const*)+0x8a
V  [libjvm.so+0x84c860]  os::pd_commit_memory(char*, unsigned long, unsigned long, bool)+0xf0
V  [libjvm.so+0x84737f]  os::commit_memory(char*, unsigned long, unsigned long, bool)+0x1f
V  [libjvm.so+0x8bd3db]  PSVirtualSpace::expand_by(unsigned long)+0x5b
V  [libjvm.so+0x8ae1bb]  PSOldGen::expand_by(unsigned long) [clone .part.109]+0x1b
V  [libjvm.so+0x8ae37b]  PSOldGen::expand(unsigned long) [clone .part.111]+0xdb
V  [libjvm.so+0x8aec58]  PSOldGen::resize(unsigned long)+0x188
V  [libjvm.so+0x8b426c]  PSParallelCompact::invoke_no_policy(bool)+0x97c
V  [libjvm.so+0x8bb37d]  PSScavenge::invoke()+0x17d
V  [libjvm.so+0x86fcf3]  ParallelScavengeHeap::failed_mem_allocate(unsigned long)+0x63
V  [libjvm.so+0x9e6124]  VM_ParallelGCFailedAllocation::doit()+0x84
V  [libjvm.so+0x9ea537]  VM_Operation::evaluate()+0x47
V  [libjvm.so+0x9e8ff8]  VMThread::evaluate_operation(VM_Operation*)+0x2c8
V  [libjvm.so+0x9e9479]  VMThread::loop()+0x219
V  [libjvm.so+0x9e98c2]  VMThread::run()+0x72
V  [libjvm.so+0x849c82]  java_start(Thread*)+0xf2

VM_Operation (0x00007f5de0f852c0): ParallelGCFailedAllocation, mode: safepoint, requested by thread 0x00007f5df4149000


---------------  P R O C E S S  ---------------

Java Threads: ( => current thread )
  0x00007f5df414b000 JavaThread "pool-2-thread-4" [_thread_blocked, id=12178, stack(0x00007f5de0d85000,0x00007f5de0e86000)]
  0x00007f5df4149000 JavaThread "pool-2-thread-3" [_thread_blocked, id=12177, stack(0x00007f5de0e86000,0x00007f5de0f87000)]
  0x00007f5df4145800 JavaThread "pool-2-thread-2" [_thread_blocked, id=12176, stack(0x00007f5de0f87000,0x00007f5de1088000)]
  0x00007f5df4143800 JavaThread "pool-3-thread-1" [_thread_blocked, id=12175, stack(0x00007f5de1088000,0x00007f5de1189000)]
  0x00007f5df4154000 JavaThread "pool-2-thread-1" [_thread_blocked, id=12174, stack(0x00007f5de1189000,0x00007f5de128a000)]
  0x00007f5df40ba000 JavaThread "Service Thread" daemon [_thread_blocked, id=12172, stack(0x00007f5de14b4000,0x00007f5de15b5000)]
  0x00007f5df40b7000 JavaThread "C1 CompilerThread1" daemon [_thread_blocked, id=12171, stack(0x00007f5de15b5000,0x00007f5de16b6000)]
  0x00007f5df40b4000 JavaThread "C2 CompilerThread0" daemon [_thread_blocked, id=12170, stack(0x00007f5de16b6000,0x00007f5de17b7000)]
  0x00007f5df40b2800 JavaThread "Signal Dispatcher" daemon [_thread_blocked, id=12169, stack(0x00007f5de17b7000,0x00007f5de18b8000)]
  0x00007f5df4080000 JavaThread "Finalizer" daemon [_thread_blocked, id=12168, stack(0x00007f5de1b81000,0x00007f5de1c82000)]
  0x00007f5df407b000 JavaThread "Reference Handler" daemon [_thread_blocked, id=12167, stack(0x00007f5de1c82000,0x00007f5de1d83000)]
  0x00007f5df400a000 JavaThread "main" [_thread_blocked, id=12161, stack(0x00007f5dfab5d000,0x00007f5dfac5e000)]

Other Threads:
=>0x00007f5df4073800 VMThread [stack: 0x00007f5de1d83000,0x00007f5de1e84000] [id=12166]
  0x00007f5df40bc800 WatcherThread [stack: 0x00007f5de13b3000,0x00007f5de14b4000] [id=12173]

VM state:at safepoint (normal execution)

VM Mutex/Monitor currently owned by a thread:  ([mutex/lock_event])
[0x00007f5df40060e0] ExpandHeap_lock - owner thread: 0x00007f5df4073800
[0x00007f5df4006760] Threads_lock - owner thread: 0x00007f5df4073800
[0x00007f5df4006c60] Heap_lock - owner thread: 0x00007f5df4149000

Heap:
 PSYoungGen      total 859136K, used 33813K [0x000000076ab00000, 0x00000007a9880000, 0x00000007c0000000)
  eden space 713216K, 0% used [0x000000076ab00000,0x000000076ab00000,0x0000000796380000)
  from space 145920K, 23% used [0x000000079f600000,0x00000007a17057d0,0x00000007a8480000)
  to   space 150016K, 0% used [0x0000000796380000,0x0000000796380000,0x000000079f600000)
 ParOldGen       total 725504K, used 725146K [0x00000006c0000000, 0x00000006ec480000, 0x000000076ab00000)
  object space 725504K, 99% used [0x00000006c0000000,0x00000006ec426bd0,0x00000006ec480000)
 Metaspace       used 6377K, capacity 7280K, committed 7552K, reserved 1056768K
  class space    used 584K, capacity 616K, committed 640K, reserved 1048576K

Card table byte_map: [0x00007f5de4016000,0x00007f5de4817000] byte_map_base: 0x00007f5de0a16000

Marking Bits: (ParMarkBitMap*) 0x00007f5dfa025340
 Begin Bits: [0x00007f5dd39bf000, 0x00007f5dd79bf000)
 End Bits:   [0x00007f5dd79bf000, 0x00007f5ddb9bf000)

Polling page: 0x00007f5dfac77000

CodeCache: size=245760Kb used=10885Kb max_used=12727Kb free=234874Kb
 bounds [0x00007f5de4bd7000, 0x00007f5de58b7000, 0x00007f5df3bd7000]
 total_blobs=2602 nmethods=2341 adapters=176
 compilation: enabled

Compilation events (10 events):
Event: 215.843 Thread 0x00007f5df40b4000 3717       4       com.android.dx.rop.annotation.Annotation::put (32 bytes)
Event: 215.845 Thread 0x00007f5df40b4000 nmethod 3717 0x00007f5de53995d0 code [0x00007f5de5399720, 0x00007f5de5399808]
Event: 216.005 Thread 0x00007f5df40b4000 3718       4       com.android.dx.rop.code.RegisterSpec::compareTo (9 bytes)
Event: 216.008 Thread 0x00007f5df40b4000 nmethod 3718 0x00007f5de54f3dd0 code [0x00007f5de54f3f40, 0x00007f5de54f4158]
Event: 216.487 Thread 0x00007f5df40b4000 3719       4       java.util.DualPivotQuicksort::sort (614 bytes)
Event: 216.488 Thread 0x00007f5df40b4000 nmethod 3719 0x00007f5de5542c90 code [0x00007f5de5542de0, 0x00007f5de5542e88]
Event: 216.618 Thread 0x00007f5df40b7000 3720       3       com.android.dx.cf.code.Ropper::getSynchReg (22 bytes)
Event: 216.619 Thread 0x00007f5df40b7000 nmethod 3720 0x00007f5de55d1d90 code [0x00007f5de55d1f20, 0x00007f5de55d2348]
Event: 217.067 Thread 0x00007f5df40b4000 3721       4       java.util.Arrays::sort (19 bytes)
Event: 217.069 Thread 0x00007f5df40b4000 nmethod 3721 0x00007f5de4ebd7d0 code [0x00007f5de4ebd920, 0x00007f5de4ebda28]

GC Heap History (10 events):
Event: 174.941 GC heap after
Heap after GC invocations=30 (full 7):
 PSYoungGen      total 632320K, used 73742K [0x000000076ab00000, 0x00000007a0380000, 0x00000007c0000000)
  eden space 496640K, 0% used [0x000000076ab00000,0x000000076ab00000,0x0000000789000000)
  from space 135680K, 54% used [0x0000000789000000,0x000000078d803a50,0x0000000791480000)
  to   space 135168K, 0% used [0x0000000797f80000,0x0000000797f80000,0x00000007a0380000)
 ParOldGen       total 565760K, used 539742K [0x00000006c0000000, 0x00000006e2880000, 0x000000076ab00000)
  object space 565760K, 95% used [0x00000006c0000000,0x00000006e0f17840,0x00000006e2880000)
 Metaspace       used 6375K, capacity 7280K, committed 7552K, reserved 1056768K
  class space    used 584K, capacity 616K, committed 640K, reserved 1048576K
}
Event: 174.941 GC heap before
{Heap before GC invocations=31 (full 8):
 PSYoungGen      total 632320K, used 73742K [0x000000076ab00000, 0x00000007a0380000, 0x00000007c0000000)
  eden space 496640K, 0% used [0x000000076ab00000,0x000000076ab00000,0x0000000789000000)
  from space 135680K, 54% used [0x0000000789000000,0x000000078d803a50,0x0000000791480000)
  to   space 135168K, 0% used [0x0000000797f80000,0x0000000797f80000,0x00000007a0380000)
 ParOldGen       total 565760K, used 539742K [0x00000006c0000000, 0x00000006e2880000, 0x000000076ab00000)
  object space 565760K, 95% used [0x00000006c0000000,0x00000006e0f17840,0x00000006e2880000)
 Metaspace       used 6375K, capacity 7280K, committed 7552K, reserved 1056768K
  class space    used 584K, capacity 616K, committed 640K, reserved 1048576K
Event: 178.971 GC heap after
Heap after GC invocations=31 (full 8):
 PSYoungGen      total 632320K, used 44370K [0x000000076ab00000, 0x00000007a0380000, 0x00000007c0000000)
  eden space 496640K, 0% used [0x000000076ab00000,0x000000076ab00000,0x0000000789000000)
  from space 135680K, 32% used [0x0000000789000000,0x000000078bb54a18,0x0000000791480000)
  to   space 135168K, 0% used [0x0000000797f80000,0x0000000797f80000,0x00000007a0380000)
 ParOldGen       total 725504K, used 565467K [0x00000006c0000000, 0x00000006ec480000, 0x000000076ab00000)
  object space 725504K, 77% used [0x00000006c0000000,0x00000006e2836e30,0x00000006ec480000)
 Metaspace       used 6375K, capacity 7280K, committed 7552K, reserved 1056768K
  class space    used 584K, capacity 616K, committed 640K, reserved 1048576K
}
Event: 181.212 GC heap before
{Heap before GC invocations=32 (full 8):
 PSYoungGen      total 632320K, used 541010K [0x000000076ab00000, 0x00000007a0380000, 0x00000007c0000000)
  eden space 496640K, 100% used [0x000000076ab00000,0x0000000789000000,0x0000000789000000)
  from space 135680K, 32% used [0x0000000789000000,0x000000078bb54a18,0x0000000791480000)
  to   space 135168K, 0% used [0x0000000797f80000,0x0000000797f80000,0x00000007a0380000)
 ParOldGen       total 725504K, used 565467K [0x00000006c0000000, 0x00000006ec480000, 0x000000076ab00000)
  object space 725504K, 77% used [0x00000006c0000000,0x00000006e2836e30,0x00000006ec480000)
 Metaspace       used 6375K, capacity 7280K, committed 7552K, reserved 1056768K
  class space    used 584K, capacity 616K, committed 640K, reserved 1048576K
Event: 191.744 GC heap after
Heap after GC invocations=32 (full 8):
 PSYoungGen      total 726528K, used 116599K [0x000000076ab00000, 0x00000007a3a00000, 0x00000007c0000000)
  eden space 591360K, 0% used [0x000000076ab00000,0x000000076ab00000,0x000000078ec80000)
  from space 135168K, 86% used [0x0000000797f80000,0x000000079f15df20,0x00000007a0380000)
  to   space 150528K, 0% used [0x000000078ec80000,0x000000078ec80000,0x0000000797f80000)
 ParOldGen       total 725504K, used 572379K [0x00000006c0000000, 0x00000006ec480000, 0x000000076ab00000)
  object space 725504K, 78% used [0x00000006c0000000,0x00000006e2ef6e38,0x00000006ec480000)
 Metaspace       used 6375K, capacity 7280K, committed 7552K, reserved 1056768K
  class space    used 584K, capacity 616K, committed 640K, reserved 1048576K
}
Event: 200.164 GC heap before
{Heap before GC invocations=33 (full 8):
 PSYoungGen      total 726528K, used 707959K [0x000000076ab00000, 0x00000007a3a00000, 0x00000007c0000000)
  eden space 591360K, 100% used [0x000000076ab00000,0x000000078ec80000,0x000000078ec80000)
  from space 135168K, 86% used [0x0000000797f80000,0x000000079f15df20,0x00000007a0380000)
  to   space 150528K, 0% used [0x000000078ec80000,0x000000078ec80000,0x0000000797f80000)
 ParOldGen       total 725504K, used 572379K [0x00000006c0000000, 0x00000006ec480000, 0x000000076ab00000)
  object space 725504K, 78% used [0x00000006c0000000,0x00000006e2ef6e38,0x00000006ec480000)
 Metaspace       used 6375K, capacity 7280K, committed 7552K, reserved 1056768K
  class space    used 584K, capacity 616K, committed 640K, reserved 1048576K
Event: 206.208 GC heap after
Heap after GC invocations=33 (full 8):
 PSYoungGen      total 741888K, used 72417K [0x000000076ab00000, 0x00000007a8480000, 0x00000007c0000000)
  eden space 591360K, 0% used [0x000000076ab00000,0x000000076ab00000,0x000000078ec80000)
  from space 150528K, 48% used [0x000000078ec80000,0x0000000793338578,0x0000000797f80000)
  to   space 145920K, 0% used [0x000000079f600000,0x000000079f600000,0x00000007a8480000)
 ParOldGen       total 725504K, used 598988K [0x00000006c0000000, 0x00000006ec480000, 0x000000076ab00000)
  object space 725504K, 82% used [0x00000006c0000000,0x00000006e48f31e0,0x00000006ec480000)
 Metaspace       used 6375K, capacity 7280K, committed 7552K, reserved 1056768K
  class space    used 584K, capacity 616K, committed 640K, reserved 1048576K
}
Event: 217.397 GC heap before
{Heap before GC invocations=34 (full 8):
 PSYoungGen      total 741888K, used 663777K [0x000000076ab00000, 0x00000007a8480000, 0x00000007c0000000)
  eden space 591360K, 100% used [0x000000076ab00000,0x000000078ec80000,0x000000078ec80000)
  from space 150528K, 48% used [0x000000078ec80000,0x0000000793338578,0x0000000797f80000)
  to   space 145920K, 0% used [0x000000079f600000,0x000000079f600000,0x00000007a8480000)
 ParOldGen       total 725504K, used 598988K [0x00000006c0000000, 0x00000006ec480000, 0x000000076ab00000)
  object space 725504K, 82% used [0x00000006c0000000,0x00000006e48f31e0,0x00000006ec480000)
 Metaspace       used 6377K, capacity 7280K, committed 7552K, reserved 1056768K
  class space    used 584K, capacity 616K, committed 640K, reserved 1048576K
Event: 263.971 GC heap after
Heap after GC invocations=34 (full 8):
 PSYoungGen      total 859136K, used 95030K [0x000000076ab00000, 0x00000007a9880000, 0x00000007c0000000)
  eden space 713216K, 0% used [0x000000076ab00000,0x000000076ab00000,0x0000000796380000)
  from space 145920K, 65% used [0x000000079f600000,0x00000007a52cd8b0,0x00000007a8480000)
  to   space 150016K, 0% used [0x0000000796380000,0x0000000796380000,0x000000079f600000)
 ParOldGen       total 725504K, used 670426K [0x00000006c0000000, 0x00000006ec480000, 0x000000076ab00000)
  object space 725504K, 92% used [0x00000006c0000000,0x00000006e8eb6870,0x00000006ec480000)
 Metaspace       used 6377K, capacity 7280K, committed 7552K, reserved 1056768K
  class space    used 584K, capacity 616K, committed 640K, reserved 1048576K
}
Event: 263.972 GC heap before
{Heap before GC invocations=35 (full 9):
 PSYoungGen      total 859136K, used 95030K [0x000000076ab00000, 0x00000007a9880000, 0x00000007c0000000)
  eden space 713216K, 0% used [0x000000076ab00000,0x000000076ab00000,0x0000000796380000)
  from space 145920K, 65% used [0x000000079f600000,0x00000007a52cd8b0,0x00000007a8480000)
  to   space 150016K, 0% used [0x0000000796380000,0x0000000796380000,0x000000079f600000)
 ParOldGen       total 725504K, used 670426K [0x00000006c0000000, 0x00000006ec480000, 0x000000076ab00000)
  object space 725504K, 92% used [0x00000006c0000000,0x00000006e8eb6870,0x00000006ec480000)
 Metaspace       used 6377K, capacity 7280K, committed 7552K, reserved 1056768K
  class space    used 584K, capacity 616K, committed 640K, reserved 1048576K

Deoptimization events (10 events):
Event: 172.716 Thread 0x00007f5df4149000 Uncommon trap: reason=class_check action=maybe_recompile pc=0x00007f5de51375d4 method=com.android.dx.ssa.back.InterferenceGraph.add(II)V @ 19
Event: 172.847 Thread 0x00007f5df4149000 Uncommon trap: reason=class_check action=maybe_recompile pc=0x00007f5de5541c88 method=com.android.dx.ssa.back.InterferenceGraph.mergeInterferenceSet(ILcom/android/dx/util/IntSet;)V @ 20
Event: 172.847 Thread 0x00007f5df4149000 Uncommon trap: reason=class_check action=maybe_recompile pc=0x00007f5de54666ac method=com.android.dx.util.BitIntSet.merge(Lcom/android/dx/util/IntSet;)V @ 1
Event: 173.255 Thread 0x00007f5df4154000 Uncommon trap: reason=class_check action=maybe_recompile pc=0x00007f5de5541c88 method=com.android.dx.ssa.back.InterferenceGraph.mergeInterferenceSet(ILcom/android/dx/util/IntSet;)V @ 20
Event: 173.256 Thread 0x00007f5df4154000 Uncommon trap: reason=class_check action=maybe_recompile pc=0x00007f5de54666ac method=com.android.dx.util.BitIntSet.merge(Lcom/android/dx/util/IntSet;)V @ 1
Event: 173.695 Thread 0x00007f5df4149000 Uncommon trap: reason=class_check action=maybe_recompile pc=0x00007f5de5541c88 method=com.android.dx.ssa.back.InterferenceGraph.mergeInterferenceSet(ILcom/android/dx/util/IntSet;)V @ 20
Event: 173.696 Thread 0x00007f5df4149000 Uncommon trap: reason=class_check action=maybe_recompile pc=0x00007f5de54666ac method=com.android.dx.util.BitIntSet.merge(Lcom/android/dx/util/IntSet;)V @ 1
Event: 173.696 Thread 0x00007f5df4149000 Uncommon trap: reason=class_check action=maybe_recompile pc=0x00007f5de5541c88 method=com.android.dx.ssa.back.InterferenceGraph.mergeInterferenceSet(ILcom/android/dx/util/IntSet;)V @ 20
Event: 173.696 Thread 0x00007f5df4149000 Uncommon trap: reason=class_check action=maybe_recompile pc=0x00007f5de54666ac method=com.android.dx.util.BitIntSet.merge(Lcom/android/dx/util/IntSet;)V @ 1
Event: 206.276 Thread 0x00007f5df400a000 Uncommon trap: reason=unstable_if action=reinterpret pc=0x00007f5de5807f10 method=com.android.dx.ssa.InterferenceRegisterMapper.areAnyPinned(Lcom/android/dx/rop/code/RegisterSpecList;II)Z @ 55

Internal exceptions (9 events):
Event: 9.900 Thread 0x00007f5df400a000 Exception <a 'java/lang/NoSuchMethodError': Method sun.misc.Unsafe.defineClass(Ljava/lang/String;[BII)Ljava/lang/Class; name or signature does not match> (0x000000076ab07c78) thrown at [/ssd/Android/AOSP-openjdk/external/jetbrains/jdk/hotspot/src/share/vm
Event: 9.900 Thread 0x00007f5df400a000 Exception <a 'java/lang/NoSuchMethodError': Method sun.misc.Unsafe.prefetchRead(Ljava/lang/Object;J)V name or signature does not match> (0x000000076ab07f60) thrown at [/ssd/Android/AOSP-openjdk/external/jetbrains/jdk/hotspot/src/share/vm/prims/jni.cpp, li
Event: 16.247 Thread 0x00007f5df400a000 Implicit null exception at 0x00007f5de4d348b4 to 0x00007f5de4d34ef1
Event: 19.868 Thread 0x00007f5df414b000 Implicit null exception at 0x00007f5de4f28d40 to 0x00007f5de4f2b359
Event: 20.584 Thread 0x00007f5df4149000 Exception <a 'java/lang/ArrayIndexOutOfBoundsException': 18> (0x000000076e63d498) thrown at [/ssd/Android/AOSP-openjdk/external/jetbrains/jdk/hotspot/src/share/vm/interpreter/interpreterRuntime.cpp, line 366]
Event: 20.585 Thread 0x00007f5df4149000 Exception <a 'java/lang/ArrayIndexOutOfBoundsException': 145> (0x000000076e63f018) thrown at [/ssd/Android/AOSP-openjdk/external/jetbrains/jdk/hotspot/src/share/vm/interpreter/interpreterRuntime.cpp, line 366]
Event: 20.640 Thread 0x00007f5df4149000 Exception <a 'java/lang/ArrayIndexOutOfBoundsException'> (0x000000076e640300) thrown at [/ssd/Android/AOSP-openjdk/external/jetbrains/jdk/hotspot/src/share/vm/runtime/sharedRuntime.cpp, line 605]
Event: 86.778 Thread 0x00007f5df4154000 Implicit null exception at 0x00007f5de4da1812 to 0x00007f5de4da24e9
Event: 86.778 Thread 0x00007f5df4154000 Implicit null exception at 0x00007f5de574343a to 0x00007f5de574358d

Events (10 events):
Event: 198.578 Thread 0x00007f5df4145800 DEOPT PACKING pc=0x00007f5de4f0f76f sp=0x00007f5de1086300
Event: 198.578 Thread 0x00007f5df4145800 DEOPT UNPACKING pc=0x00007f5de4c1df73 sp=0x00007f5de1086158 mode 0
Event: 200.164 Executing VM operation: ParallelGCFailedAllocation
Event: 206.208 Executing VM operation: ParallelGCFailedAllocation done
Event: 206.276 Thread 0x00007f5df400a000 Uncommon trap: trap_request=0xffffff65 fr.pc=0x00007f5de5807f10
Event: 206.276 Thread 0x00007f5df400a000 DEOPT PACKING pc=0x00007f5de5807f10 sp=0x00007f5dfac5b840
Event: 206.277 Thread 0x00007f5df400a000 DEOPT UNPACKING pc=0x00007f5de4bdbf69 sp=0x00007f5dfac5b7e0 mode 2
Event: 214.474 Thread 0x00007f5df4145800 DEOPT PACKING pc=0x00007f5de4d28366 sp=0x00007f5de10862d0
Event: 214.474 Thread 0x00007f5df4145800 DEOPT UNPACKING pc=0x00007f5de4c1df73 sp=0x00007f5de1086018 mode 0
Event: 217.397 Executing VM operation: ParallelGCFailedAllocation


Dynamic libraries:
00400000-00401000 r-xp 00000000 08:01 5506411                            /home/raman/Downloads/android-studio/jre/bin/java
00600000-00601000 r--p 00000000 08:01 5506411                            /home/raman/Downloads/android-studio/jre/bin/java
00601000-00602000 rw-p 00001000 08:01 5506411                            /home/raman/Downloads/android-studio/jre/bin/java
0199d000-019e0000 rw-p 00000000 00:00 0                                  [heap]
6c0000000-6ec480000 rw-p 00000000 00:00 0 
6f6a00000-76ab00000 ---p 00000000 00:00 0 
76ab00000-7a9880000 rw-p 00000000 00:00 0 
7a9880000-7c0000000 ---p 00000000 00:00 0 
7c0000000-7c00a0000 rw-p 00000000 00:00 0 
7c00a0000-800000000 ---p 00000000 00:00 0 
7f5d9c000000-7f5d9c03a000 rw-p 00000000 00:00 0 
7f5d9c03a000-7f5da0000000 ---p 00000000 00:00 0 
7f5da0000000-7f5da0021000 rw-p 00000000 00:00 0 
7f5da0021000-7f5da4000000 ---p 00000000 00:00 0 
7f5da4000000-7f5da4031000 rw-p 00000000 00:00 0 
7f5da4031000-7f5da8000000 ---p 00000000 00:00 0 
7f5da8000000-7f5da8021000 rw-p 00000000 00:00 0 
7f5da8021000-7f5dac000000 ---p 00000000 00:00 0 
7f5dac000000-7f5dac021000 rw-p 00000000 00:00 0 
7f5dac021000-7f5db0000000 ---p 00000000 00:00 0 
7f5db0000000-7f5db0021000 rw-p 00000000 00:00 0 
7f5db0021000-7f5db4000000 ---p 00000000 00:00 0 
7f5db4000000-7f5db5948000 rw-p 00000000 00:00 0 
7f5db5948000-7f5db8000000 ---p 00000000 00:00 0 
7f5db8000000-7f5db85f9000 rw-p 00000000 00:00 0 
7f5db85f9000-7f5dbc000000 ---p 00000000 00:00 0 
7f5dbc000000-7f5dbc021000 rw-p 00000000 00:00 0 
7f5dbc021000-7f5dc0000000 ---p 00000000 00:00 0 
7f5dc0000000-7f5dc0021000 rw-p 00000000 00:00 0 
7f5dc0021000-7f5dc4000000 ---p 00000000 00:00 0 
7f5dc4000000-7f5dc4296000 rw-p 00000000 00:00 0 
7f5dc4296000-7f5dc8000000 ---p 00000000 00:00 0 
7f5dc8000000-7f5dc8021000 rw-p 00000000 00:00 0 
7f5dc8021000-7f5dcc000000 ---p 00000000 00:00 0 
7f5dcc000000-7f5dcc021000 rw-p 00000000 00:00 0 
7f5dcc021000-7f5dd0000000 ---p 00000000 00:00 0 
7f5dd39bf000-7f5ddb9bf000 rw-p 00000000 00:00 0 
7f5ddc000000-7f5ddc021000 rw-p 00000000 00:00 0 
7f5ddc021000-7f5de0000000 ---p 00000000 00:00 0 
7f5de0d85000-7f5de0d88000 ---p 00000000 00:00 0 
7f5de0d88000-7f5de0e86000 rw-p 00000000 00:00 0 
7f5de0e86000-7f5de0e89000 ---p 00000000 00:00 0 
7f5de0e89000-7f5de0f87000 rw-p 00000000 00:00 0 
7f5de0f87000-7f5de0f8a000 ---p 00000000 00:00 0 
7f5de0f8a000-7f5de1088000 rw-p 00000000 00:00 0 
7f5de1088000-7f5de108b000 ---p 00000000 00:00 0 
7f5de108b000-7f5de1189000 rw-p 00000000 00:00 0 
7f5de1189000-7f5de118c000 ---p 00000000 00:00 0 
7f5de118c000-7f5de128a000 rw-p 00000000 00:00 0 
7f5de128a000-7f5de13b3000 r--s 00b7c000 08:01 9832864                    /home/raman/Documents/bce/app/build/intermediates/transforms/jarMerging/release/jars/1/1f/combined.jar
7f5de13b3000-7f5de13b4000 ---p 00000000 00:00 0 
7f5de13b4000-7f5de14b4000 rw-p 00000000 00:00 0 
7f5de14b4000-7f5de14b7000 ---p 00000000 00:00 0 
7f5de14b7000-7f5de15b5000 rw-p 00000000 00:00 0 
7f5de15b5000-7f5de15b8000 ---p 00000000 00:00 0 
7f5de15b8000-7f5de16b6000 rw-p 00000000 00:00 0 
7f5de16b6000-7f5de16b9000 ---p 00000000 00:00 0 
7f5de16b9000-7f5de17b7000 rw-p 00000000 00:00 0 
7f5de17b7000-7f5de17ba000 ---p 00000000 00:00 0 
7f5de17ba000-7f5de18b8000 rw-p 00000000 00:00 0 
7f5de18b8000-7f5de1b81000 r--p 00000000 08:01 16254679                   /usr/lib/locale/locale-archive
7f5de1b81000-7f5de1b84000 ---p 00000000 00:00 0 
7f5de1b84000-7f5de1c82000 rw-p 00000000 00:00 0 
7f5de1c82000-7f5de1c85000 ---p 00000000 00:00 0 
7f5de1c85000-7f5de1d83000 rw-p 00000000 00:00 0 
7f5de1d83000-7f5de1d84000 ---p 00000000 00:00 0 
7f5de1d84000-7f5de27f0000 rw-p 00000000 00:00 0 
7f5de27f0000-7f5de29bf000 r--s 03c1b000 08:01 5506468                    /home/raman/Downloads/android-studio/jre/jre/lib/rt.jar
7f5de29bf000-7f5de307f000 rw-p 00000000 00:00 0 
7f5de307f000-7f5de31bf000 ---p 00000000 00:00 0 
7f5de31bf000-7f5de39bf000 rw-p 00000000 00:00 0 
7f5de39bf000-7f5de39c0000 ---p 00000000 00:00 0 
7f5de39c0000-7f5de3c23000 rw-p 00000000 00:00 0 
7f5de3c23000-7f5de4016000 ---p 00000000 00:00 0 
7f5de4016000-7f5de4179000 rw-p 00000000 00:00 0 
7f5de4179000-7f5de456b000 ---p 00000000 00:00 0 
7f5de456b000-7f5de4763000 rw-p 00000000 00:00 0 
7f5de4763000-7f5de4816000 ---p 00000000 00:00 0 
7f5de4816000-7f5de484b000 rw-p 00000000 00:00 0 
7f5de484b000-7f5de4bd7000 ---p 00000000 00:00 0 
7f5de4bd7000-7f5de58b7000 rwxp 00000000 00:00 0 
7f5de58b7000-7f5df3bd7000 ---p 00000000 00:00 0 
7f5df3bd7000-7f5df3bf1000 r-xp 00000000 08:01 5506495                    /home/raman/Downloads/android-studio/jre/jre/lib/amd64/libzip.so
7f5df3bf1000-7f5df3df1000 ---p 0001a000 08:01 5506495                    /home/raman/Downloads/android-studio/jre/jre/lib/amd64/libzip.so
7f5df3df1000-7f5df3df2000 r--p 0001a000 08:01 5506495                    /home/raman/Downloads/android-studio/jre/jre/lib/amd64/libzip.so
7f5df3df2000-7f5df3df3000 rw-p 0001b000 08:01 5506495                    /home/raman/Downloads/android-studio/jre/jre/lib/amd64/libzip.so
7f5df3df3000-7f5df3dff000 r-xp 00000000 08:01 4194371                    /lib/x86_64-linux-gnu/libnss_files-2.21.so
7f5df3dff000-7f5df3ffe000 ---p 0000c000 08:01 4194371                    /lib/x86_64-linux-gnu/libnss_files-2.21.so
7f5df3ffe000-7f5df3fff000 r--p 0000b000 08:01 4194371                    /lib/x86_64-linux-gnu/libnss_files-2.21.so
7f5df3fff000-7f5df4000000 rw-p 0000c000 08:01 4194371                    /lib/x86_64-linux-gnu/libnss_files-2.21.so
7f5df4000000-7f5df437f000 rw-p 00000000 00:00 0 
7f5df437f000-7f5df8000000 ---p 00000000 00:00 0 
7f5df8012000-7f5df80d6000 rw-p 00000000 00:00 0 
7f5df80d6000-7f5df80d7000 ---p 00000000 00:00 0 
7f5df80d7000-7f5df81d7000 rw-p 00000000 00:00 0 
7f5df81d7000-7f5df81e2000 r-xp 00000000 08:01 4194359                    /lib/x86_64-linux-gnu/libnss_nis-2.21.so
7f5df81e2000-7f5df83e1000 ---p 0000b000 08:01 4194359                    /lib/x86_64-linux-gnu/libnss_nis-2.21.so
7f5df83e1000-7f5df83e2000 r--p 0000a000 08:01 4194359                    /lib/x86_64-linux-gnu/libnss_nis-2.21.so
7f5df83e2000-7f5df83e3000 rw-p 0000b000 08:01 4194359                    /lib/x86_64-linux-gnu/libnss_nis-2.21.so
7f5df83e3000-7f5df83fa000 r-xp 00000000 08:01 4194377                    /lib/x86_64-linux-gnu/libnsl-2.21.so
7f5df83fa000-7f5df85f9000 ---p 00017000 08:01 4194377                    /lib/x86_64-linux-gnu/libnsl-2.21.so
7f5df85f9000-7f5df85fa000 r--p 00016000 08:01 4194377                    /lib/x86_64-linux-gnu/libnsl-2.21.so
7f5df85fa000-7f5df85fb000 rw-p 00017000 08:01 4194377                    /lib/x86_64-linux-gnu/libnsl-2.21.so
7f5df85fb000-7f5df85fd000 rw-p 00000000 00:00 0 
7f5df85fd000-7f5df8605000 r-xp 00000000 08:01 4194373                    /lib/x86_64-linux-gnu/libnss_compat-2.21.so
7f5df8605000-7f5df8804000 ---p 00008000 08:01 4194373                    /lib/x86_64-linux-gnu/libnss_compat-2.21.so
7f5df8804000-7f5df8805000 r--p 00007000 08:01 4194373                    /lib/x86_64-linux-gnu/libnss_compat-2.21.so
7f5df8805000-7f5df8806000 rw-p 00008000 08:01 4194373                    /lib/x86_64-linux-gnu/libnss_compat-2.21.so
7f5df8806000-7f5df8833000 r-xp 00000000 08:01 5506505                    /home/raman/Downloads/android-studio/jre/jre/lib/amd64/libjava.so
7f5df8833000-7f5df8a32000 ---p 0002d000 08:01 5506505                    /home/raman/Downloads/android-studio/jre/jre/lib/amd64/libjava.so
7f5df8a32000-7f5df8a33000 r--p 0002c000 08:01 5506505                    /home/raman/Downloads/android-studio/jre/jre/lib/amd64/libjava.so
7f5df8a33000-7f5df8a35000 rw-p 0002d000 08:01 5506505                    /home/raman/Downloads/android-studio/jre/jre/lib/amd64/libjava.so
7f5df8a35000-7f5df8a45000 r-xp 00000000 08:01 5506521                    /home/raman/Downloads/android-studio/jre/jre/lib/amd64/libverify.so
7f5df8a45000-7f5df8c44000 ---p 00010000 08:01 5506521                    /home/raman/Downloads/android-studio/jre/jre/lib/amd64/libverify.so
7f5df8c44000-7f5df8c46000 r--p 0000f000 08:01 5506521                    /home/raman/Downloads/android-studio/jre/jre/lib/amd64/libverify.so
7f5df8c46000-7f5df8c47000 rw-p 00011000 08:01 5506521                    /home/raman/Downloads/android-studio/jre/jre/lib/amd64/libverify.so
7f5df8c47000-7f5df8c4e000 r-xp 00000000 08:01 4194378                    /lib/x86_64-linux-gnu/librt-2.21.so
7f5df8c4e000-7f5df8e4d000 ---p 00007000 08:01 4194378                    /lib/x86_64-linux-gnu/librt-2.21.so
7f5df8e4d000-7f5df8e4e000 r--p 00006000 08:01 4194378                    /lib/x86_64-linux-gnu/librt-2.21.so
7f5df8e4e000-7f5df8e4f000 rw-p 00007000 08:01 4194378                    /lib/x86_64-linux-gnu/librt-2.21.so
7f5df8e4f000-7f5df8f56000 r-xp 00000000 08:01 4194376                    /lib/x86_64-linux-gnu/libm-2.21.so
7f5df8f56000-7f5df9155000 ---p 00107000 08:01 4194376                    /lib/x86_64-linux-gnu/libm-2.21.so
7f5df9155000-7f5df9156000 r--p 00106000 08:01 4194376                    /lib/x86_64-linux-gnu/libm-2.21.so
7f5df9156000-7f5df9157000 rw-p 00107000 08:01 4194376                    /lib/x86_64-linux-gnu/libm-2.21.so
7f5df9157000-7f5df9d48000 r-xp 00000000 08:01 5506525                    /home/raman/Downloads/android-studio/jre/jre/lib/amd64/server/libjvm.so
7f5df9d48000-7f5df9f48000 ---p 00bf1000 08:01 5506525                    /home/raman/Downloads/android-studio/jre/jre/lib/amd64/server/libjvm.so
7f5df9f48000-7f5df9fe7000 r--p 00bf1000 08:01 5506525                    /home/raman/Downloads/android-studio/jre/jre/lib/amd64/server/libjvm.so
7f5df9fe7000-7f5dfa010000 rw-p 00c90000 08:01 5506525                    /home/raman/Downloads/android-studio/jre/jre/lib/amd64/server/libjvm.so
7f5dfa010000-7f5dfa054000 rw-p 00000000 00:00 0 
7f5dfa054000-7f5dfa06c000 r-xp 00000000 08:01 4194368                    /lib/x86_64-linux-gnu/libpthread-2.21.so
7f5dfa06c000-7f5dfa26c000 ---p 00018000 08:01 4194368                    /lib/x86_64-linux-gnu/libpthread-2.21.so
7f5dfa26c000-7f5dfa26d000 r--p 00018000 08:01 4194368                    /lib/x86_64-linux-gnu/libpthread-2.21.so
7f5dfa26d000-7f5dfa26e000 rw-p 00019000 08:01 4194368                    /lib/x86_64-linux-gnu/libpthread-2.21.so
7f5dfa26e000-7f5dfa272000 rw-p 00000000 00:00 0 
7f5dfa272000-7f5dfa275000 r-xp 00000000 08:01 4194364                    /lib/x86_64-linux-gnu/libdl-2.21.so
7f5dfa275000-7f5dfa474000 ---p 00003000 08:01 4194364                    /lib/x86_64-linux-gnu/libdl-2.21.so
7f5dfa474000-7f5dfa475000 r--p 00002000 08:01 4194364                    /lib/x86_64-linux-gnu/libdl-2.21.so
7f5dfa475000-7f5dfa476000 rw-p 00003000 08:01 4194364                    /lib/x86_64-linux-gnu/libdl-2.21.so
7f5dfa476000-7f5dfa636000 r-xp 00000000 08:01 4194381                    /lib/x86_64-linux-gnu/libc-2.21.so
7f5dfa636000-7f5dfa836000 ---p 001c0000 08:01 4194381                    /lib/x86_64-linux-gnu/libc-2.21.so
7f5dfa836000-7f5dfa83a000 r--p 001c0000 08:01 4194381                    /lib/x86_64-linux-gnu/libc-2.21.so
7f5dfa83a000-7f5dfa83c000 rw-p 001c4000 08:01 4194381                    /lib/x86_64-linux-gnu/libc-2.21.so
7f5dfa83c000-7f5dfa840000 rw-p 00000000 00:00 0 
7f5dfa840000-7f5dfa856000 r-xp 00000000 08:01 5506385                    /home/raman/Downloads/android-studio/jre/lib/amd64/jli/libjli.so
7f5dfa856000-7f5dfaa55000 ---p 00016000 08:01 5506385                    /home/raman/Downloads/android-studio/jre/lib/amd64/jli/libjli.so
7f5dfaa55000-7f5dfaa56000 r--p 00015000 08:01 5506385                    /home/raman/Downloads/android-studio/jre/lib/amd64/jli/libjli.so
7f5dfaa56000-7f5dfaa57000 rw-p 00016000 08:01 5506385                    /home/raman/Downloads/android-studio/jre/lib/amd64/jli/libjli.so
7f5dfaa57000-7f5dfaa7b000 r-xp 00000000 08:01 4194367                    /lib/x86_64-linux-gnu/ld-2.21.so
7f5dfaa7c000-7f5dfaa8a000 r--s 000e0000 08:01 11142387                   /home/raman/Android/Sdk/build-tools/25.0.2/lib/dx.jar
7f5dfaa8a000-7f5dfab5d000 rw-p 00000000 00:00 0 
7f5dfab5d000-7f5dfab60000 ---p 00000000 00:00 0 
7f5dfab60000-7f5dfac62000 rw-p 00000000 00:00 0 
7f5dfac6d000-7f5dfac6e000 rw-p 00000000 00:00 0 
7f5dfac6e000-7f5dfac76000 rw-s 00000000 08:01 11151755                   /tmp/hsperfdata_raman/12156
7f5dfac76000-7f5dfac77000 rw-p 00000000 00:00 0 
7f5dfac77000-7f5dfac78000 ---p 00000000 00:00 0 
7f5dfac78000-7f5dfac7a000 rw-p 00000000 00:00 0 
7f5dfac7a000-7f5dfac7b000 r--p 00023000 08:01 4194367                    /lib/x86_64-linux-gnu/ld-2.21.so
7f5dfac7b000-7f5dfac7c000 rw-p 00024000 08:01 4194367                    /lib/x86_64-linux-gnu/ld-2.21.so
7f5dfac7c000-7f5dfac7d000 rw-p 00000000 00:00 0 
7ffe87e24000-7ffe87e45000 rw-p 00000000 00:00 0                          [stack]
7ffe87fc8000-7ffe87fca000 r--p 00000000 00:00 0                          [vvar]
7ffe87fca000-7ffe87fcc000 r-xp 00000000 00:00 0                          [vdso]
ffffffffff600000-ffffffffff601000 r-xp 00000000 00:00 0                  [vsyscall]

VM Arguments:
jvm_args: -Djava.awt.headless=true -Xmx4g -Dfile.encoding=UTF-8 -Duser.country=IN -Duser.language=en -Duser.variant 
java_command: com.android.dx.command.Main --dex --force-jumbo --num-threads=4 --multi-dex --main-dex-list /home/raman/Documents/bce/app/build/intermediates/multi-dex/release/maindexlist.txt --output /home/raman/Documents/bce/app/build/intermediates/transforms/dex/release/folders/1000/1f/main /home/raman/Documents/bce/app/build/intermediates/transforms/jarMerging/release/jars/1/1f/combined.jar
java_class_path (initial): /home/raman/Android/Sdk/build-tools/25.0.2/lib/dx.jar
Launcher Type: SUN_STANDARD

Environment Variables:
PATH=/usr/local/sbin:/usr/local/bin:/usr/sbin:/usr/bin:/sbin:/bin:/usr/games:/usr/local/games
LD_LIBRARY_PATH=/home/raman/Downloads/android-studio/bin:
SHELL=/bin/bash
DISPLAY=:0

Signal Handlers:
SIGSEGV: [libjvm.so+0x9e5150], sa_mask[0]=11111111011111111101111111111110, sa_flags=SA_RESTART|SA_SIGINFO
SIGBUS: [libjvm.so+0x9e5150], sa_mask[0]=11111111011111111101111111111110, sa_flags=SA_RESTART|SA_SIGINFO
SIGFPE: [libjvm.so+0x848450], sa_mask[0]=11111111011111111101111111111110, sa_flags=SA_RESTART|SA_SIGINFO
SIGPIPE: [libjvm.so+0x848450], sa_mask[0]=11111111011111111101111111111110, sa_flags=SA_RESTART|SA_SIGINFO
SIGXFSZ: [libjvm.so+0x848450], sa_mask[0]=11111111011111111101111111111110, sa_flags=SA_RESTART|SA_SIGINFO
SIGILL: [libjvm.so+0x848450], sa_mask[0]=11111111011111111101111111111110, sa_flags=SA_RESTART|SA_SIGINFO
SIGUSR1: SIG_DFL, sa_mask[0]=00000000000000000000000000000000, sa_flags=none
SIGUSR2: [libjvm.so+0x848320], sa_mask[0]=00100000000000000000000000000000, sa_flags=SA_RESTART|SA_SIGINFO
SIGHUP: [libjvm.so+0x848510], sa_mask[0]=11111111011111111101111111111110, sa_flags=SA_RESTART|SA_SIGINFO
SIGINT: [libjvm.so+0x848510], sa_mask[0]=11111111011111111101111111111110, sa_flags=SA_RESTART|SA_SIGINFO
SIGTERM: [libjvm.so+0x848510], sa_mask[0]=11111111011111111101111111111110, sa_flags=SA_RESTART|SA_SIGINFO
SIGQUIT: [libjvm.so+0x848510], sa_mask[0]=11111111011111111101111111111110, sa_flags=SA_RESTART|SA_SIGINFO


---------------  S Y S T E M  ---------------

OS:DISTRIB_ID=Ubuntu
DISTRIB_RELEASE=15.04
DISTRIB_CODENAME=vivid
DISTRIB_DESCRIPTION="Ubuntu 15.04"

uname:Linux 3.19.0-84-generic #92-Ubuntu SMP Fri Mar 24 15:46:19 UTC 2017 x86_64
libc:glibc 2.21 NPTL 2.21 
rlimit: STACK 8192k, CORE 0k, NPROC 11791, NOFILE 65536, AS infinity
load average:15.76 10.47 5.13

/proc/meminfo:
MemTotal:        3040992 kB
MemFree:           57744 kB
MemAvailable:      61436 kB
Buffers:            4692 kB
Cached:           319576 kB
SwapCached:         3312 kB
Active:          2173796 kB
Inactive:         630756 kB
Active(anon):    2131472 kB
Inactive(anon):   601084 kB
Active(file):      42324 kB
Inactive(file):    29672 kB
Unevictable:          68 kB
Mlocked:              68 kB
SwapTotal:       3103740 kB
SwapFree:          46452 kB
Dirty:                84 kB
Writeback:           836 kB
AnonPages:       2477752 kB
Mapped:            58260 kB
Shmem:            252268 kB
Slab:              84948 kB
SReclaimable:      48008 kB
SUnreclaim:        36940 kB
KernelStack:       10304 kB
PageTables:        53900 kB
NFS_Unstable:          0 kB
Bounce:                0 kB
WritebackTmp:          0 kB
CommitLimit:     4624236 kB
Committed_AS:   11485604 kB
VmallocTotal:   34359738367 kB
VmallocUsed:      347060 kB
VmallocChunk:   34359383516 kB
HardwareCorrupted:     0 kB
AnonHugePages:    514048 kB
CmaTotal:              0 kB
CmaFree:               0 kB
HugePages_Total:       0
HugePages_Free:        0
HugePages_Rsvd:        0
HugePages_Surp:        0
Hugepagesize:       2048 kB
DirectMap4k:      160508 kB
DirectMap2M:     2945024 kB


CPU:total 2 (2 cores per cpu, 1 threads per core) family 6 model 23 stepping 10, cmov, cx8, fxsr, mmx, sse, sse2, sse3, ssse3, sse4.1, tsc

/proc/cpuinfo:
processor	: 0
vendor_id	: GenuineIntel
cpu family	: 6
model		: 23
model name	: Intel(R) Core(TM)2 Duo CPU     T6400  @ 2.00GHz
stepping	: 10
microcode	: 0xa07
cpu MHz		: 2000.000
cache size	: 2048 KB
physical id	: 0
siblings	: 2
core id		: 0
cpu cores	: 2
apicid		: 0
initial apicid	: 0
fpu		: yes
fpu_exception	: yes
cpuid level	: 13
wp		: yes
flags		: fpu vme de pse tsc msr pae mce cx8 apic sep mtrr pge mca cmov pat pse36 clflush dts acpi mmx fxsr sse sse2 ss ht tm pbe syscall nx lm constant_tsc arch_perfmon pebs bts rep_good nopl aperfmperf pni dtes64 monitor ds_cpl est tm2 ssse3 cx16 xtpr pdcm sse4_1 xsave lahf_lm dtherm
bugs		:
bogomips	: 3990.23
clflush size	: 64
cache_alignment	: 64
address sizes	: 36 bits physical, 48 bits virtual
power management:

processor	: 1
vendor_id	: GenuineIntel
cpu family	: 6
model		: 23
model name	: Intel(R) Core(TM)2 Duo CPU     T6400  @ 2.00GHz
stepping	: 10
microcode	: 0xa07
cpu MHz		: 2000.000
cache size	: 2048 KB
physical id	: 0
siblings	: 2
core id		: 1
cpu cores	: 2
apicid		: 1
initial apicid	: 1
fpu		: yes
fpu_exception	: yes
cpuid level	: 13
wp		: yes
flags		: fpu vme de pse tsc msr pae mce cx8 apic sep mtrr pge mca cmov pat pse36 clflush dts acpi mmx fxsr sse sse2 ss ht tm pbe syscall nx lm constant_tsc arch_perfmon pebs bts rep_good nopl aperfmperf pni dtes64 monitor ds_cpl est tm2 ssse3 cx16 xtpr pdcm sse4_1 xsave lahf_lm dtherm
bugs		:
bogomips	: 3990.23
clflush size	: 64
cache_alignment	: 64
address sizes	: 36 bits physical, 48 bits virtual
power management:



Memory: 4k page, physical 3040992k(57744k free), swap 3103740k(46452k free)

vm_info: OpenJDK 64-Bit Server VM (25.112-b06) for linux-amd64 JRE (1.8.0_112-release-b06), built on Dec  6 2016 12:11:18 by "builder" with gcc 4.8.4

time: Fri May 19 14:41:59 2017
elapsed time: 316 seconds (0d 0h 5m 16s)

